#
# There is insufficient memory for the Java Runtime Environment to continue.
# Native memory allocation (mmap) failed to map 268435456 bytes for G1 virtual space
# Possible reasons:
#   The system is out of physical RAM or swap space
#   The process is running with CompressedOops enabled, and the Java Heap may be blocking the growth of the native heap
# Possible solutions:
#   Reduce memory load on the system
#   Increase physical memory or swap space
#   Check if swap backing store is full
#   Decrease Java heap size (-Xmx/-Xms)
#   Decrease number of Java threads
#   Decrease Java thread stack sizes (-Xss)
#   Set larger code cache with -XX:ReservedCodeCacheSize=
#   JVM is running with Zero Based Compressed Oops mode in which the Java heap is
#     placed in the first 32GB address space. The Java Heap base address is the
#     maximum limit for the native heap growth. Please use -XX:HeapBaseMinAddress
#     to set the Java Heap base and to place the Java Heap above 32GB virtual address.
# This output file may be truncated or incomplete.
#
#  Out of Memory Error (os_windows.cpp:3532), pid=6276, tid=12104
#
# JRE version:  (17.0.2+8) (build )
# Java VM: Java HotSpot(TM) 64-Bit Server VM (17.0.2+8-LTS-86, mixed mode, sharing, tiered, compressed oops, compressed class ptrs, g1 gc, windows-amd64)
# No core dump will be written. Minidumps are not enabled by default on client versions of Windows
#

---------------  S U M M A R Y ------------

Command Line: -Xmx4g -javaagent:D:\Program Files\IntelliJ IDEA 2023.3.5\lib\idea_rt.jar=50735:D:\Program Files\IntelliJ IDEA 2023.3.5\bin -Dfile.encoding=UTF-8 MainKt

Host: Intel(R) Core(TM) i7-8700K CPU @ 3.70GHz, 12 cores, 15G,  Windows 10 , 64 bit Build 19041 (10.0.19041.3636)
Time: Tue Mar 26 18:13:54 2024 GTB Standard Time elapsed time: 0.026347 seconds (0d 0h 0m 0s)

---------------  T H R E A D  ---------------

Current thread (0x000002a7efcf8b00):  JavaThread "Unknown thread" [_thread_in_vm, id=12104, stack(0x000000cc18200000,0x000000cc18300000)]

Stack: [0x000000cc18200000,0x000000cc18300000]
Native frames: (J=compiled Java code, j=interpreted, Vv=VM code, C=native code)
V  [jvm.dll+0x670baa]
V  [jvm.dll+0x7cfcb4]
V  [jvm.dll+0x7d145e]
V  [jvm.dll+0x7d1ac3]
V  [jvm.dll+0x242bc5]
V  [jvm.dll+0x66dac9]
V  [jvm.dll+0x662412]
V  [jvm.dll+0x300c0b]
V  [jvm.dll+0x3081a6]
V  [jvm.dll+0x357d0e]
V  [jvm.dll+0x357f3f]
V  [jvm.dll+0x2d7ec8]
V  [jvm.dll+0x2d8e34]
V  [jvm.dll+0x7a18c1]
V  [jvm.dll+0x365a91]
V  [jvm.dll+0x780d2c]
V  [jvm.dll+0x3e845f]
V  [jvm.dll+0x3e9f01]
C  [jli.dll+0x527b]
C  [ucrtbase.dll+0x21bb2]
C  [KERNEL32.DLL+0x17344]
C  [ntdll.dll+0x526b1]


---------------  P R O C E S S  ---------------

Threads class SMR info:
_java_thread_list=0x00007ffb790c9858, length=0, elements={
}

Java Threads: ( => current thread )

Other Threads:
  0x000002a7efd48d10 GCTaskThread "GC Thread#0" [stack: 0x000000cc18300000,0x000000cc18400000] [id=14880]
  0x000002a7efd59b60 ConcurrentGCThread "G1 Main Marker" [stack: 0x000000cc18400000,0x000000cc18500000] [id=29496]
  0x000002a7efd5ac20 ConcurrentGCThread "G1 Conc#0" [stack: 0x000000cc18500000,0x000000cc18600000] [id=13724]

[error occurred during error reporting (printing all threads), id 0xc0000005, EXCEPTION_ACCESS_VIOLATION (0xc0000005) at pc=0x00007ffb789188a7]

VM state: not at safepoint (not fully initialized)

VM Mutex/Monitor currently owned by a thread:  ([mutex/lock_event])
[0x000002a7efcf5d90] Heap_lock - owner thread: 0x000002a7efcf8b00

Heap address: 0x0000000700000000, size: 4096 MB, Compressed Oops mode: Zero based, Oop shift amount: 3

CDS archive(s) mapped at: [0x0000000000000000-0x0000000000000000-0x0000000000000000), size 0, SharedBaseAddress: 0x0000000800000000, ArchiveRelocationMode: 0.
Narrow klass base: 0x0000000000000000, Narrow klass shift: 0, Narrow klass range: 0x0

GC Precious Log:
<Empty>

Heap:
 garbage-first heap   total 0K, used 0K [0x0000000700000000, 0x0000000800000000)
  region size 2048K, 0 young (0K), 0 survivors (0K)

[error occurred during error reporting (printing heap information), id 0xc0000005, EXCEPTION_ACCESS_VIOLATION (0xc0000005) at pc=0x00007ffb78cf9f19]

GC Heap History (0 events):
No events

Deoptimization events (0 events):
No events

Classes unloaded (0 events):
No events

Classes redefined (0 events):
No events

Internal exceptions (0 events):
No events

VM Operations (0 events):
No events

Events (1 events):
Event: 0.008 Loaded shared library C:\Program Files\Java\jdk-17.0.2\bin\java.dll


Dynamic libraries:
0x00007ff65be50000 - 0x00007ff65be60000 	C:\Program Files\Java\jdk-17.0.2\bin\java.exe
0x00007ffbb9170000 - 0x00007ffbb9368000 	C:\WINDOWS\SYSTEM32\ntdll.dll
0x00007ffbb7c80000 - 0x00007ffbb7d3d000 	C:\WINDOWS\System32\KERNEL32.DLL
0x00007ffbb6940000 - 0x00007ffbb6c36000 	C:\WINDOWS\System32\KERNELBASE.dll
0x00007ffbb6c90000 - 0x00007ffbb6d90000 	C:\WINDOWS\System32\ucrtbase.dll
0x00007ffbafee0000 - 0x00007ffbafef8000 	C:\Program Files\Java\jdk-17.0.2\bin\jli.dll
0x00007ffbb16a0000 - 0x00007ffbb16ba000 	C:\Program Files\Java\jdk-17.0.2\bin\VCRUNTIME140.dll
0x00007ffbb8180000 - 0x00007ffbb8230000 	C:\WINDOWS\System32\ADVAPI32.dll
0x00007ffbb8230000 - 0x00007ffbb82ce000 	C:\WINDOWS\System32\msvcrt.dll
0x00007ffbb84b0000 - 0x00007ffbb8550000 	C:\WINDOWS\System32\sechost.dll
0x00007ffbb8a10000 - 0x00007ffbb8b35000 	C:\WINDOWS\System32\RPCRT4.dll
0x00007ffbb6d90000 - 0x00007ffbb6db7000 	C:\WINDOWS\System32\bcrypt.dll
0x00007ffbb8550000 - 0x00007ffbb86ee000 	C:\WINDOWS\System32\USER32.dll
0x00007ffbb7010000 - 0x00007ffbb7032000 	C:\WINDOWS\System32\win32u.dll
0x00007ffba8290000 - 0x00007ffba852a000 	C:\WINDOWS\WinSxS\amd64_microsoft.windows.common-controls_6595b64144ccf1df_6.0.19041.3636_none_60b6a03d71f818d5\COMCTL32.dll
0x00007ffbb8140000 - 0x00007ffbb816b000 	C:\WINDOWS\System32\GDI32.dll
0x00007ffbb6dc0000 - 0x00007ffbb6ed7000 	C:\WINDOWS\System32\gdi32full.dll
0x00007ffbb6ee0000 - 0x00007ffbb6f7d000 	C:\WINDOWS\System32\msvcp_win.dll
0x00007ffbb0580000 - 0x00007ffbb058a000 	C:\WINDOWS\SYSTEM32\VERSION.dll
0x00007ffbb89d0000 - 0x00007ffbb8a02000 	C:\WINDOWS\System32\IMM32.DLL
0x00007ffbafed0000 - 0x00007ffbafedc000 	C:\Program Files\Java\jdk-17.0.2\bin\vcruntime140_1.dll
0x00007ffba2b40000 - 0x00007ffba2bcd000 	C:\Program Files\Java\jdk-17.0.2\bin\msvcp140.dll
0x00007ffb78630000 - 0x00007ffb791f1000 	C:\Program Files\Java\jdk-17.0.2\bin\server\jvm.dll
0x00007ffbb8170000 - 0x00007ffbb8178000 	C:\WINDOWS\System32\PSAPI.DLL
0x00007ffba5b50000 - 0x00007ffba5b59000 	C:\WINDOWS\SYSTEM32\WSOCK32.dll
0x00007ffba75b0000 - 0x00007ffba75d7000 	C:\WINDOWS\SYSTEM32\WINMM.dll
0x00007ffbb8880000 - 0x00007ffbb88eb000 	C:\WINDOWS\System32\WS2_32.dll
0x00007ffbb4610000 - 0x00007ffbb4622000 	C:\WINDOWS\SYSTEM32\kernel.appcore.dll
0x00007ffbafec0000 - 0x00007ffbafeca000 	C:\Program Files\Java\jdk-17.0.2\bin\jimage.dll
0x00007ffbaec80000 - 0x00007ffbaee64000 	C:\WINDOWS\SYSTEM32\DBGHELP.DLL
0x00007ffbae870000 - 0x00007ffbae8a4000 	C:\WINDOWS\SYSTEM32\dbgcore.DLL
0x00007ffbb6f80000 - 0x00007ffbb7002000 	C:\WINDOWS\System32\bcryptPrimitives.dll
0x00007ffbb2720000 - 0x00007ffbb272e000 	C:\Program Files\Java\jdk-17.0.2\bin\instrument.dll
0x00007ffbafe90000 - 0x00007ffbafeb5000 	C:\Program Files\Java\jdk-17.0.2\bin\java.dll

dbghelp: loaded successfully - version: 4.0.5 - missing functions: none
symbol engine: initialized successfully - sym options: 0x614 - pdb path: .;C:\Program Files\Java\jdk-17.0.2\bin;C:\WINDOWS\SYSTEM32;C:\WINDOWS\WinSxS\amd64_microsoft.windows.common-controls_6595b64144ccf1df_6.0.19041.3636_none_60b6a03d71f818d5;C:\Program Files\Java\jdk-17.0.2\bin\server

VM Arguments:
jvm_args: -Xmx4g -javaagent:D:\Program Files\IntelliJ IDEA 2023.3.5\lib\idea_rt.jar=50735:D:\Program Files\IntelliJ IDEA 2023.3.5\bin -Dfile.encoding=UTF-8 
java_command: MainKt
java_class_path (initial): D:\facultateM\EBS\ebs_hw1\out\production\ebs_hw1;C:\Users\Andrei\.m2\repository\org\jetbrains\kotlin\kotlin-stdlib-jdk8\1.9.22\kotlin-stdlib-jdk8-1.9.22.jar;C:\Users\Andrei\.m2\repository\org\jetbrains\kotlin\kotlin-stdlib\1.9.22\kotlin-stdlib-1.9.22.jar;C:\Users\Andrei\.m2\repository\org\jetbrains\annotations\13.0\annotations-13.0.jar;C:\Users\Andrei\.m2\repository\org\jetbrains\kotlin\kotlin-stdlib-jdk7\1.9.22\kotlin-stdlib-jdk7-1.9.22.jar
Launcher Type: SUN_STANDARD

[Global flags]
     intx CICompilerCount                          = 4                                         {product} {ergonomic}
     uint ConcGCThreads                            = 3                                         {product} {ergonomic}
     uint G1ConcRefinementThreads                  = 10                                        {product} {ergonomic}
   size_t G1HeapRegionSize                         = 2097152                                   {product} {ergonomic}
    uintx GCDrainStackTargetSize                   = 64                                        {product} {ergonomic}
   size_t InitialHeapSize                          = 268435456                                 {product} {ergonomic}
   size_t MarkStackSize                            = 4194304                                   {product} {ergonomic}
   size_t MaxHeapSize                              = 4294967296                                {product} {command line}
   size_t MinHeapDeltaBytes                        = 2097152                                   {product} {ergonomic}
   size_t MinHeapSize                              = 8388608                                   {product} {ergonomic}
    uintx NonNMethodCodeHeapSize                   = 5839372                                {pd product} {ergonomic}
    uintx NonProfiledCodeHeapSize                  = 122909434                              {pd product} {ergonomic}
    uintx ProfiledCodeHeapSize                     = 122909434                              {pd product} {ergonomic}
    uintx ReservedCodeCacheSize                    = 251658240                              {pd product} {ergonomic}
     bool SegmentedCodeCache                       = true                                      {product} {ergonomic}
   size_t SoftMaxHeapSize                          = 4294967296                             {manageable} {ergonomic}
     bool UseCompressedClassPointers               = true                           {product lp64_product} {ergonomic}
     bool UseCompressedOops                        = true                           {product lp64_product} {ergonomic}
     bool UseG1GC                                  = true                                      {product} {ergonomic}
     bool UseLargePagesIndividualAllocation        = false                                  {pd product} {ergonomic}

Logging:
Log output configuration:
 #0: stdout all=warning uptime,level,tags
 #1: stderr all=off uptime,level,tags

Environment Variables:
JAVA_HOME=C:\Program Files\Java\jdk-17.0.2
PATH=C:\Program Files\Common Files\Oracle\Java\javapath;C:\Python310\Scripts\;C:\Python310\;C:\Python310\Lib\site-packages\pytest;C:\ProgramData\Oracle\Java\javapath;C:\Windows\system32;C:\Windows;C:\Windows\System32\Wbem;C:\Windows\System32\WindowsPowerShell\v1.0\;C:\Windows\System32\OpenSSH\;C:\Program Files (x86)\NVIDIA Corporation\PhysX\Common;C:\Program Files\NVIDIA Corporation\NVIDIA NvDLISR;C:\WINDOWS\system32;C:\WINDOWS;C:\WINDOWS\System32\Wbem;C:\WINDOWS\System32\WindowsPowerShell\v1.0\;C:\WINDOWS\System32\OpenSSH\;C:\Program Files\PuTTY\;C:\Program Files\Git\cmd;D:\ALK\Windows;D:\Program Files\NodeJS\;C:\ProgramData\chocolatey\bin;D:\Program Files\PostgreSQL\bin;D:\Program Files\PostgreSQL\lib;C:\Program Files\Microsoft SQL Server\Client SDK\ODBC\170\Tools\Binn\;C:\Program Files (x86)\Microsoft SQL Server\150\Tools\Binn\;C:\Program Files\Microsoft SQL Server\150\Tools\Binn\;C:\Program Files\Microsoft SQL Server\150\DTS\Binn\;C:\Program Files\dotnet\;C:\Program Files (x86)\Microsoft SQL Server\150\DTS\Binn\;C:\Program Files\Azure Data Studio\bin;C:\Program Files (x86)\dotnet\;C:\ProgramData\chocolatey\lib\maven\apache-maven-3.9.5\bin;C:\Program Files\LLVM\bin;C:\Users\Andrei\.jbang\bin;C:\Program Files\MySQL\MySQL Shell 8.0\bin\;C:\Users\Andrei\AppData\Local\Microsoft\WindowsApps;C:\Users\Andrei\Desktop\platform-tools;C:\Users\Andrei\.dotnet\tools;C:\Users\Andrei\AppData\Local\GitHubDesktop\bin;E:\troll;C:\Users\Andrei\AppData\Roaming\npm;D:\Program Files\VSCode\Microsoft VS Code\bin;C:\Program Files\Azure Data Studio\bin;C:\Program Files\Java\jdk-17.0.2\bin;C:\tools\neovim\nvim-win64\bin;C:\Users\Andrei\.dotnet\tools;D:\Program Files\IntelliJ IDEA 2023.3.5\bin;
USERNAME=Andrei
OS=Windows_NT
PROCESSOR_IDENTIFIER=Intel64 Family 6 Model 158 Stepping 10, GenuineIntel



---------------  S Y S T E M  ---------------

OS:
 Windows 10 , 64 bit Build 19041 (10.0.19041.3636)
OS uptime: 11 days 21:10 hours

CPU: total 12 (initial active 12) (6 cores per cpu, 2 threads per core) family 6 model 158 stepping 10 microcode 0xb4, cx8, cmov, fxsr, ht, mmx, 3dnowpref, sse, sse2, sse3, ssse3, sse4.1, sse4.2, popcnt, lzcnt, tsc, tscinvbit, avx, avx2, aes, erms, clmul, bmi1, bmi2, rtm, adx, fma, vzeroupper, clflush, clflushopt

Memory: 4k page, system-wide physical 16335M (2743M free)
TotalPageFile size 21335M (AvailPageFile size 166M)
current process WorkingSet (physical memory assigned to process): 11M, peak: 11M
current process commit charge ("private bytes"): 64M, peak: 320M

vm_info: Java HotSpot(TM) 64-Bit Server VM (17.0.2+8-LTS-86) for windows-amd64 JRE (17.0.2+8-LTS-86), built on Dec  7 2021 21:51:03 by "mach5one" with MS VC++ 16.8 / 16.9 (VS2019)

END.
